<?xml version="1.0" encoding="UTF-8"?>
<testng-results ignored="0" total="4" passed="4" failed="0" skipped="0">
  <reporter-output>
  </reporter-output>
  <suite started-at="2025-07-12T14:28:06 IST" name="BootstrapSuite" finished-at="2025-07-12T14:28:06 IST" duration-ms="17">
    <groups>
    </groups>
    <test started-at="2025-07-12T14:28:06 IST" name="TestNG-Bootstrap-Test" finished-at="2025-07-12T14:28:06 IST" duration-ms="17">
      <class name="com.loginsoft.research.nc_rule3.DatabaseUtilsTestNGTest">
        <test-method is-config="true" signature="setUp()[pri:0, instance:com.loginsoft.research.nc_rule3.DatabaseUtilsTestNGTest@f99f5e0]" started-at="2025-07-12T14:28:06 IST" name="setUp" finished-at="2025-07-12T14:28:06 IST" duration-ms="3" status="PASS">
          <reporter-output>
          </reporter-output>
        </test-method> <!-- setUp -->
        <test-method signature="testConnectAndExecute_NonCompliant_TestNG()[pri:0, instance:com.loginsoft.research.nc_rule3.DatabaseUtilsTestNGTest@f99f5e0]" started-at="2025-07-12T14:28:06 IST" name="testConnectAndExecute_NonCompliant_TestNG" finished-at="2025-07-12T14:28:06 IST" duration-ms="2" status="PASS">
          <reporter-output>
          </reporter-output>
        </test-method> <!-- testConnectAndExecute_NonCompliant_TestNG -->
        <test-method signature="testConnect_Compliant_TestNG()[pri:0, instance:com.loginsoft.research.nc_rule3.DatabaseUtilsTestNGTest@f99f5e0]" started-at="2025-07-12T14:28:06 IST" name="testConnect_Compliant_TestNG" finished-at="2025-07-12T14:28:06 IST" duration-ms="0" status="PASS">
          <reporter-output>
          </reporter-output>
        </test-method> <!-- testConnect_Compliant_TestNG -->
        <test-method is-config="true" signature="tearDown()[pri:0, instance:com.loginsoft.research.nc_rule3.DatabaseUtilsTestNGTest@f99f5e0]" started-at="2025-07-12T14:28:06 IST" name="tearDown" finished-at="2025-07-12T14:28:06 IST" duration-ms="0" status="PASS">
          <reporter-output>
          </reporter-output>
        </test-method> <!-- tearDown -->
      </class> <!-- com.loginsoft.research.nc_rule3.DatabaseUtilsTestNGTest -->
      <class name="com.loginsoft.research.nc_rule3.FileProcessorTestNGTest">
        <test-method signature="testProcessFileCompliant_TestNG()[pri:0, instance:com.loginsoft.research.nc_rule3.FileProcessorTestNGTest@1722011b]" started-at="2025-07-12T14:28:06 IST" name="testProcessFileCompliant_TestNG" finished-at="2025-07-12T14:28:06 IST" duration-ms="1" status="PASS">
          <reporter-output>
          </reporter-output>
        </test-method> <!-- testProcessFileCompliant_TestNG -->
        <test-method signature="testProcessFileNonCompliant_TestNG()[pri:0, instance:com.loginsoft.research.nc_rule3.FileProcessorTestNGTest@1722011b]" started-at="2025-07-12T14:28:06 IST" name="testProcessFileNonCompliant_TestNG" finished-at="2025-07-12T14:28:06 IST" duration-ms="1" status="PASS">
          <reporter-output>
          </reporter-output>
        </test-method> <!-- testProcessFileNonCompliant_TestNG -->
      </class> <!-- com.loginsoft.research.nc_rule3.FileProcessorTestNGTest -->
    </test> <!-- TestNG-Bootstrap-Test -->
  </suite> <!-- BootstrapSuite -->
</testng-results>
