<?xml version="1.0" encoding="UTF-8"?>
<!-- Generated by org.testng.reporters.JUnitXMLReporter -->
<testsuite ignored="0" hostname="charan-macbook.local" failures="0" tests="4" name="TestNG-Bootstrap-Test" time="0.017" errors="0" timestamp="2025-07-12T14:28:06 IST">
  <testcase classname="com.loginsoft.research.nc_rule3.FileProcessorTestNGTest" name="testProcessFileCompliant_TestNG" time="0.001"/>
  <testcase classname="com.loginsoft.research.nc_rule3.FileProcessorTestNGTest" name="testProcessFileNonCompliant_TestNG" time="0.001"/>
  <testcase classname="com.loginsoft.research.nc_rule3.DatabaseUtilsTestNGTest" name="testConnectAndExecute_NonCompliant_TestNG" time="0.002"/>
  <testcase classname="com.loginsoft.research.nc_rule3.DatabaseUtilsTestNGTest" name="testConnect_Compliant_TestNG" time="0.0"/>
</testsuite> <!-- TestNG-Bootstrap-Test -->
